<?xml version="1.0" encoding="UTF-8" ?>
<testsuite tests="8" failures="0" name="TestSuite" time="96.606" errors="0" skipped="0">
  <properties>
    <property name="java.vendor" value="Oracle Corporation"/>
    <property name="localRepository" value="C:\Users\apapushyna\.m2\repository"/>
    <property name="sun.java.launcher" value="SUN_STANDARD"/>
    <property name="sun.management.compiler" value="HotSpot Client Compiler"/>
    <property name="os.name" value="Windows 8.1"/>
    <property name="sun.boot.class.path" value="C:\Program Files (x86)\Java\jdk1.8.0_25\jre\lib\resources.jar;C:\Program Files (x86)\Java\jdk1.8.0_25\jre\lib\rt.jar;C:\Program Files (x86)\Java\jdk1.8.0_25\jre\lib\sunrsasign.jar;C:\Program Files (x86)\Java\jdk1.8.0_25\jre\lib\jsse.jar;C:\Program Files (x86)\Java\jdk1.8.0_25\jre\lib\jce.jar;C:\Program Files (x86)\Java\jdk1.8.0_25\jre\lib\charsets.jar;C:\Program Files (x86)\Java\jdk1.8.0_25\jre\lib\jfr.jar;C:\Program Files (x86)\Java\jdk1.8.0_25\jre\classes"/>
    <property name="user.country.format" value="RU"/>
    <property name="sun.desktop" value="windows"/>
    <property name="java.vm.specification.vendor" value="Oracle Corporation"/>
    <property name="java.runtime.version" value="1.8.0_25-b18"/>
    <property name="app_category2" value="Information"/>
    <property name="app_category1" value="Category: Information"/>
    <property name="user.name" value="apapushyna"/>
    <property name="user.language.format" value="ru"/>
    <property name="user.language" value="en"/>
    <property name="sun.boot.library.path" value="C:\Program Files (x86)\Java\jdk1.8.0_25\jre\bin"/>
    <property name="dropdown_value" value="Games"/>
    <property name="java.version" value="1.8.0_25"/>
    <property name="user.timezone" value="Europe/Helsinki"/>
    <property name="title2" value="Application Information 0"/>
    <property name="sun.arch.data.model" value="32"/>
    <property name="java.endorsed.dirs" value="C:\Program Files (x86)\Java\jdk1.8.0_25\jre\lib\endorsed"/>
    <property name="sun.cpu.isalist" value="pentium_pro+mmx pentium_pro pentium+mmx pentium i486 i386 i86"/>
    <property name="sun.jnu.encoding" value="Cp1251"/>
    <property name="file.encoding.pkg" value="sun.io"/>
    <property name="file.separator" value="\"/>
    <property name="java.specification.name" value="Java Platform API Specification"/>
    <property name="java.class.version" value="52.0"/>
    <property name="user.country" value="US"/>
    <property name="java.home" value="C:\Program Files (x86)\Java\jdk1.8.0_25\jre"/>
    <property name="java.vm.info" value="mixed mode"/>
    <property name="os.version" value="6.3"/>
    <property name="app_title1" value="Application Information 0"/>
    <property name="surefire.real.class.path" value="C:\Users\APAPUS~1\AppData\Local\Temp\surefirebooter9109280004223021755.jar"/>
    <property name="webdriver.chrome.driver" value="c:\chromedriver\chromedriver.exe"/>
    <property name="path.separator" value=";"/>
    <property name="java.vm.version" value="25.25-b02"/>
    <property name="user.variant" value=""/>
    <property name="dropdown_value2" value="Fun"/>
    <property name="java.awt.printerjob" value="sun.awt.windows.WPrinterJob"/>
    <property name="sun.io.unicode.encoding" value="UnicodeLittle"/>
    <property name="awt.toolkit" value="sun.awt.windows.WToolkit"/>
    <property name="user.script" value=""/>
    <property name="author2" value="admin"/>
    <property name="author1" value="Author: admin"/>
    <property name="user.home" value="C:\Users\apapushyna"/>
    <property name="java.specification.vendor" value="Oracle Corporation"/>
    <property name="java.library.path" value="C:\Program Files (x86)\Java\jdk1.8.0_25\jre\bin;C:\Windows\Sun\Java\bin;C:\Windows\system32;C:\Windows;C:\Program Files\Apache Software Foundation\apache-maven-3.2.5\bin;C:\Program Files (x86)\Java\jdk1.8.0_25\bin;C:\ProgramData\Oracle\Java\javapath;C:\Windows\system32;C:\Windows;C:\Windows\System32\Wbem;C:\Windows\System32\WindowsPowerShell\v1.0\;C:\Program Files\TortoiseSVN\bin;C:\Program Files (x86)\PICT\;C:\Program Files\TortoiseGit\bin;C:\chromedriver\chromedriver.exe;C:\Program Files (x86)\Nmap;."/>
    <property name="java.vendor.url" value="http://java.oracle.com/"/>
    <property name="java.vm.vendor" value="Oracle Corporation"/>
    <property name="java.runtime.name" value="Java(TM) SE Runtime Environment"/>
    <property name="sun.java.command" value="C:\Users\APAPUS~1\AppData\Local\Temp\surefirebooter9109280004223021755.jar C:\Users\APAPUS~1\AppData\Local\Temp\surefire1487823638450906652tmp C:\Users\APAPUS~1\AppData\Local\Temp\surefire1449736475998728708tmp"/>
    <property name="java.class.path" value="C:\Users\apapushyna\Desktop\aut\alina-papushyna-selenium-practice\fwk\java\trunk\target\test-classes;C:\Users\apapushyna\Desktop\aut\alina-papushyna-selenium-practice\fwk\java\trunk\target\classes;C:\Users\apapushyna\.m2\repository\org\testng\testng\6.8\testng-6.8.jar;C:\Users\apapushyna\.m2\repository\junit\junit\4.10\junit-4.10.jar;C:\Users\apapushyna\.m2\repository\org\hamcrest\hamcrest-core\1.1\hamcrest-core-1.1.jar;C:\Users\apapushyna\.m2\repository\org\beanshell\bsh\2.0b4\bsh-2.0b4.jar;C:\Users\apapushyna\.m2\repository\com\beust\jcommander\1.27\jcommander-1.27.jar;C:\Users\apapushyna\.m2\repository\org\yaml\snakeyaml\1.6\snakeyaml-1.6.jar;C:\Users\apapushyna\.m2\repository\org\seleniumhq\selenium\selenium-java\2.44.0\selenium-java-2.44.0.jar;C:\Users\apapushyna\.m2\repository\org\seleniumhq\selenium\selenium-safari-driver\2.44.0\selenium-safari-driver-2.44.0.jar;C:\Users\apapushyna\.m2\repository\org\seleniumhq\selenium\selenium-support\2.44.0\selenium-support-2.44.0.jar;C:\Users\apapushyna\.m2\repository\org\webbitserver\webbit\0.4.14\webbit-0.4.14.jar;C:\Users\apapushyna\.m2\repository\io\netty\netty\3.5.2.Final\netty-3.5.2.Final.jar;C:\Users\apapushyna\.m2\repository\org\seleniumhq\selenium\selenium-firefox-driver\2.44.0\selenium-firefox-driver-2.44.0.jar;C:\Users\apapushyna\.m2\repository\org\seleniumhq\selenium\selenium-remote-driver\2.44.0\selenium-remote-driver-2.44.0.jar;C:\Users\apapushyna\.m2\repository\cglib\cglib-nodep\2.1_3\cglib-nodep-2.1_3.jar;C:\Users\apapushyna\.m2\repository\com\google\code\gson\gson\2.3\gson-2.3.jar;C:\Users\apapushyna\.m2\repository\org\seleniumhq\selenium\selenium-api\2.44.0\selenium-api-2.44.0.jar;C:\Users\apapushyna\.m2\repository\com\google\guava\guava\18.0\guava-18.0.jar;C:\Users\apapushyna\.m2\repository\commons-io\commons-io\2.4\commons-io-2.4.jar;C:\Users\apapushyna\.m2\repository\org\apache\commons\commons-exec\1.1\commons-exec-1.1.jar;C:\Users\apapushyna\.m2\repository\org\seleniumhq\selenium\selenium-ie-driver\2.44.0\selenium-ie-driver-2.44.0.jar;C:\Users\apapushyna\.m2\repository\net\java\dev\jna\jna\3.4.0\jna-3.4.0.jar;C:\Users\apapushyna\.m2\repository\net\java\dev\jna\platform\3.4.0\platform-3.4.0.jar;C:\Users\apapushyna\.m2\repository\org\seleniumhq\selenium\selenium-chrome-driver\2.44.0\selenium-chrome-driver-2.44.0.jar;C:\Users\apapushyna\.m2\repository\org\seleniumhq\selenium\selenium-htmlunit-driver\2.44.0\selenium-htmlunit-driver-2.44.0.jar;C:\Users\apapushyna\.m2\repository\net\sourceforge\htmlunit\htmlunit\2.15\htmlunit-2.15.jar;C:\Users\apapushyna\.m2\repository\xalan\xalan\2.7.1\xalan-2.7.1.jar;C:\Users\apapushyna\.m2\repository\xalan\serializer\2.7.1\serializer-2.7.1.jar;C:\Users\apapushyna\.m2\repository\org\apache\commons\commons-lang3\3.3.2\commons-lang3-3.3.2.jar;C:\Users\apapushyna\.m2\repository\org\apache\httpcomponents\httpmime\4.3.3\httpmime-4.3.3.jar;C:\Users\apapushyna\.m2\repository\commons-codec\commons-codec\1.9\commons-codec-1.9.jar;C:\Users\apapushyna\.m2\repository\net\sourceforge\htmlunit\htmlunit-core-js\2.15\htmlunit-core-js-2.15.jar;C:\Users\apapushyna\.m2\repository\xerces\xercesImpl\2.11.0\xercesImpl-2.11.0.jar;C:\Users\apapushyna\.m2\repository\xml-apis\xml-apis\1.4.01\xml-apis-1.4.01.jar;C:\Users\apapushyna\.m2\repository\net\sourceforge\nekohtml\nekohtml\1.9.21\nekohtml-1.9.21.jar;C:\Users\apapushyna\.m2\repository\net\sourceforge\cssparser\cssparser\0.9.14\cssparser-0.9.14.jar;C:\Users\apapushyna\.m2\repository\org\w3c\css\sac\1.3\sac-1.3.jar;C:\Users\apapushyna\.m2\repository\commons-logging\commons-logging\1.1.3\commons-logging-1.1.3.jar;C:\Users\apapushyna\.m2\repository\org\eclipse\jetty\jetty-websocket\8.1.15.v20140411\jetty-websocket-8.1.15.v20140411.jar;C:\Users\apapushyna\.m2\repository\org\eclipse\jetty\jetty-util\8.1.15.v20140411\jetty-util-8.1.15.v20140411.jar;C:\Users\apapushyna\.m2\repository\org\eclipse\jetty\jetty-io\8.1.15.v20140411\jetty-io-8.1.15.v20140411.jar;C:\Users\apapushyna\.m2\repository\org\eclipse\jetty\jetty-http\8.1.15.v20140411\jetty-http-8.1.15.v20140411.jar;C:\Users\apapushyna\.m2\repository\org\apache\httpcomponents\httpclient\4.3.4\httpclient-4.3.4.jar;C:\Users\apapushyna\.m2\repository\org\apache\httpcomponents\httpcore\4.3.2\httpcore-4.3.2.jar;C:\Users\apapushyna\.m2\repository\com\googlecode\json-simple\json-simple\1.1\json-simple-1.1.jar;C:\Users\apapushyna\.m2\repository\com\opera\operadriver\0.7.2\operadriver-0.7.2.jar;C:\Users\apapushyna\.m2\repository\com\google\protobuf\protobuf-java\2.3.0\protobuf-java-2.3.0.jar;C:\Users\apapushyna\.m2\repository\commons-jxpath\commons-jxpath\1.3\commons-jxpath-1.3.jar;C:\Users\apapushyna\.m2\repository\org\uncommons\reportng\1.1.2\reportng-1.1.2.jar;C:\Users\apapushyna\.m2\repository\velocity\velocity\1.5\velocity-1.5.jar;C:\Users\apapushyna\.m2\repository\commons-collections\commons-collections\3.1\commons-collections-3.1.jar;C:\Users\apapushyna\.m2\repository\oro\oro\2.0.8\oro-2.0.8.jar;C:\Users\apapushyna\.m2\repository\commons-lang\commons-lang\2.3\commons-lang-2.3.jar;C:\Users\apapushyna\.m2\repository\com\google\inject\guice\2.0\guice-2.0.jar;C:\Users\apapushyna\.m2\repository\aopalliance\aopalliance\1.0\aopalliance-1.0.jar;C:\Users\apapushyna\.m2\repository\org\easytesting\fest-reflect\1.4\fest-reflect-1.4.jar;C:\Users\apapushyna\.m2\repository\org\easytesting\fest-util\1.1.6\fest-util-1.1.6.jar;C:\Users\apapushyna\.m2\repository\org\easytesting\fest-assert\1.4\fest-assert-1.4.jar;"/>
    <property name="numb_downloads2" value="0"/>
    <property name="numb_downloads1" value="# of downloads: 0"/>
    <property name="java.vm.specification.name" value="Java Virtual Machine Specification"/>
    <property name="selenium.properties" value="selenium.properties"/>
    <property name="java.vm.specification.version" value="1.8"/>
    <property name="sun.cpu.endian" value="little"/>
    <property name="sun.os.patch.level" value=""/>
    <property name="surefire.test.class.path" value="C:\Users\apapushyna\Desktop\aut\alina-papushyna-selenium-practice\fwk\java\trunk\target\test-classes;C:\Users\apapushyna\Desktop\aut\alina-papushyna-selenium-practice\fwk\java\trunk\target\classes;C:\Users\apapushyna\.m2\repository\org\testng\testng\6.8\testng-6.8.jar;C:\Users\apapushyna\.m2\repository\junit\junit\4.10\junit-4.10.jar;C:\Users\apapushyna\.m2\repository\org\hamcrest\hamcrest-core\1.1\hamcrest-core-1.1.jar;C:\Users\apapushyna\.m2\repository\org\beanshell\bsh\2.0b4\bsh-2.0b4.jar;C:\Users\apapushyna\.m2\repository\com\beust\jcommander\1.27\jcommander-1.27.jar;C:\Users\apapushyna\.m2\repository\org\yaml\snakeyaml\1.6\snakeyaml-1.6.jar;C:\Users\apapushyna\.m2\repository\org\seleniumhq\selenium\selenium-java\2.44.0\selenium-java-2.44.0.jar;C:\Users\apapushyna\.m2\repository\org\seleniumhq\selenium\selenium-safari-driver\2.44.0\selenium-safari-driver-2.44.0.jar;C:\Users\apapushyna\.m2\repository\org\seleniumhq\selenium\selenium-support\2.44.0\selenium-support-2.44.0.jar;C:\Users\apapushyna\.m2\repository\org\webbitserver\webbit\0.4.14\webbit-0.4.14.jar;C:\Users\apapushyna\.m2\repository\io\netty\netty\3.5.2.Final\netty-3.5.2.Final.jar;C:\Users\apapushyna\.m2\repository\org\seleniumhq\selenium\selenium-firefox-driver\2.44.0\selenium-firefox-driver-2.44.0.jar;C:\Users\apapushyna\.m2\repository\org\seleniumhq\selenium\selenium-remote-driver\2.44.0\selenium-remote-driver-2.44.0.jar;C:\Users\apapushyna\.m2\repository\cglib\cglib-nodep\2.1_3\cglib-nodep-2.1_3.jar;C:\Users\apapushyna\.m2\repository\com\google\code\gson\gson\2.3\gson-2.3.jar;C:\Users\apapushyna\.m2\repository\org\seleniumhq\selenium\selenium-api\2.44.0\selenium-api-2.44.0.jar;C:\Users\apapushyna\.m2\repository\com\google\guava\guava\18.0\guava-18.0.jar;C:\Users\apapushyna\.m2\repository\commons-io\commons-io\2.4\commons-io-2.4.jar;C:\Users\apapushyna\.m2\repository\org\apache\commons\commons-exec\1.1\commons-exec-1.1.jar;C:\Users\apapushyna\.m2\repository\org\seleniumhq\selenium\selenium-ie-driver\2.44.0\selenium-ie-driver-2.44.0.jar;C:\Users\apapushyna\.m2\repository\net\java\dev\jna\jna\3.4.0\jna-3.4.0.jar;C:\Users\apapushyna\.m2\repository\net\java\dev\jna\platform\3.4.0\platform-3.4.0.jar;C:\Users\apapushyna\.m2\repository\org\seleniumhq\selenium\selenium-chrome-driver\2.44.0\selenium-chrome-driver-2.44.0.jar;C:\Users\apapushyna\.m2\repository\org\seleniumhq\selenium\selenium-htmlunit-driver\2.44.0\selenium-htmlunit-driver-2.44.0.jar;C:\Users\apapushyna\.m2\repository\net\sourceforge\htmlunit\htmlunit\2.15\htmlunit-2.15.jar;C:\Users\apapushyna\.m2\repository\xalan\xalan\2.7.1\xalan-2.7.1.jar;C:\Users\apapushyna\.m2\repository\xalan\serializer\2.7.1\serializer-2.7.1.jar;C:\Users\apapushyna\.m2\repository\org\apache\commons\commons-lang3\3.3.2\commons-lang3-3.3.2.jar;C:\Users\apapushyna\.m2\repository\org\apache\httpcomponents\httpmime\4.3.3\httpmime-4.3.3.jar;C:\Users\apapushyna\.m2\repository\commons-codec\commons-codec\1.9\commons-codec-1.9.jar;C:\Users\apapushyna\.m2\repository\net\sourceforge\htmlunit\htmlunit-core-js\2.15\htmlunit-core-js-2.15.jar;C:\Users\apapushyna\.m2\repository\xerces\xercesImpl\2.11.0\xercesImpl-2.11.0.jar;C:\Users\apapushyna\.m2\repository\xml-apis\xml-apis\1.4.01\xml-apis-1.4.01.jar;C:\Users\apapushyna\.m2\repository\net\sourceforge\nekohtml\nekohtml\1.9.21\nekohtml-1.9.21.jar;C:\Users\apapushyna\.m2\repository\net\sourceforge\cssparser\cssparser\0.9.14\cssparser-0.9.14.jar;C:\Users\apapushyna\.m2\repository\org\w3c\css\sac\1.3\sac-1.3.jar;C:\Users\apapushyna\.m2\repository\commons-logging\commons-logging\1.1.3\commons-logging-1.1.3.jar;C:\Users\apapushyna\.m2\repository\org\eclipse\jetty\jetty-websocket\8.1.15.v20140411\jetty-websocket-8.1.15.v20140411.jar;C:\Users\apapushyna\.m2\repository\org\eclipse\jetty\jetty-util\8.1.15.v20140411\jetty-util-8.1.15.v20140411.jar;C:\Users\apapushyna\.m2\repository\org\eclipse\jetty\jetty-io\8.1.15.v20140411\jetty-io-8.1.15.v20140411.jar;C:\Users\apapushyna\.m2\repository\org\eclipse\jetty\jetty-http\8.1.15.v20140411\jetty-http-8.1.15.v20140411.jar;C:\Users\apapushyna\.m2\repository\org\apache\httpcomponents\httpclient\4.3.4\httpclient-4.3.4.jar;C:\Users\apapushyna\.m2\repository\org\apache\httpcomponents\httpcore\4.3.2\httpcore-4.3.2.jar;C:\Users\apapushyna\.m2\repository\com\googlecode\json-simple\json-simple\1.1\json-simple-1.1.jar;C:\Users\apapushyna\.m2\repository\com\opera\operadriver\0.7.2\operadriver-0.7.2.jar;C:\Users\apapushyna\.m2\repository\com\google\protobuf\protobuf-java\2.3.0\protobuf-java-2.3.0.jar;C:\Users\apapushyna\.m2\repository\commons-jxpath\commons-jxpath\1.3\commons-jxpath-1.3.jar;C:\Users\apapushyna\.m2\repository\org\uncommons\reportng\1.1.2\reportng-1.1.2.jar;C:\Users\apapushyna\.m2\repository\velocity\velocity\1.5\velocity-1.5.jar;C:\Users\apapushyna\.m2\repository\commons-collections\commons-collections\3.1\commons-collections-3.1.jar;C:\Users\apapushyna\.m2\repository\oro\oro\2.0.8\oro-2.0.8.jar;C:\Users\apapushyna\.m2\repository\commons-lang\commons-lang\2.3\commons-lang-2.3.jar;C:\Users\apapushyna\.m2\repository\com\google\inject\guice\2.0\guice-2.0.jar;C:\Users\apapushyna\.m2\repository\aopalliance\aopalliance\1.0\aopalliance-1.0.jar;C:\Users\apapushyna\.m2\repository\org\easytesting\fest-reflect\1.4\fest-reflect-1.4.jar;C:\Users\apapushyna\.m2\repository\org\easytesting\fest-util\1.1.6\fest-util-1.1.6.jar;C:\Users\apapushyna\.m2\repository\org\easytesting\fest-assert\1.4\fest-assert-1.4.jar;"/>
    <property name="java.io.tmpdir" value="C:\Users\APAPUS~1\AppData\Local\Temp\"/>
    <property name="app_description2" value="Just a sample description for this application [Application Information 0]"/>
    <property name="java.vendor.url.bug" value="http://bugreport.sun.com/bugreport/"/>
    <property name="os.arch" value="x86"/>
    <property name="java.awt.graphicsenv" value="sun.awt.Win32GraphicsEnvironment"/>
    <property name="java.ext.dirs" value="C:\Program Files (x86)\Java\jdk1.8.0_25\jre\lib\ext;C:\Windows\Sun\Java\lib\ext"/>
    <property name="user.dir" value="C:\Users\apapushyna\Desktop\aut\alina-papushyna-selenium-practice\fwk\java\trunk"/>
    <property name="line.separator" value="
"/>
    <property name="java.vm.name" value="Java HotSpot(TM) Client VM"/>
    <property name="app_descpiption1" value="Description: Just a sample description for this application [Application Information 0]"/>
    <property name="basedir" value="C:\Users\apapushyna\Desktop\aut\alina-papushyna-selenium-practice\fwk\java\trunk"/>
    <property name="file.encoding" value="Cp1251"/>
    <property name="java.specification.version" value="1.8"/>
  </properties>
  <testcase classname="com.dataart.selenium.tests.ApplicationTest" name="app_with_img" time="3.721"/>
  <testcase classname="com.dataart.selenium.tests.ApplicationTest" name="app_without_img" time="3.731"/>
  <testcase classname="com.dataart.selenium.tests.ApplicationTest" name="edit_app" time="2.893"/>
  <testcase classname="com.dataart.selenium.tests.ApplicationTest" name="parsing" time="1.661"/>
  <testcase classname="com.dataart.selenium.tests.RegistrationTest" name="registration" time="1.957"/>
  <testcase classname="com.dataart.selenium.tests.RegistrationTest" name="registration_dev_upload" time="1.86"/>
  <testcase classname="com.dataart.selenium.tests.RegistrationTest" name="registration_logout" time="2.271"/>
  <testcase classname="com.dataart.selenium.tests.RegistrationTest" name="registration_user_upload" time="2.064"/>
</testsuite>